2020-06-07T11:41:46.857Z [my-bank-api] info: POST /accounts - {"id":7,"name":"Rafael Sanzio","balance":2500}
2020-06-07T11:41:49.390Z [my-bank-api] info: LIST /accounts - {"accounts":[{"id":1,"name":"Mateus Rocha","balance":2400},{"id":2,"name":"Mateus Silveira","balance":21906},{"id":4,"name":"Rafael Rocha w0","balance":2500},{"id":5,"name":"Rafael Rocha w0","balance":2500},{"id":7,"name":"Rafael Sanzio","balance":2500}]}
2020-06-07T11:41:53.734Z [my-bank-api] error: GET /accounts:id - Not Found
2020-06-07T11:41:57.226Z [my-bank-api] error: GET /accounts:id - Not Found
2020-06-07T11:42:01.998Z [my-bank-api] info: GET /accounts:id - {"id":4,"name":"Rafael Rocha w0","balance":2500}
2020-06-07T11:42:06.445Z [my-bank-api] error: POST /accounts/transaction - Insufficient Funds
2020-06-07T11:42:06.446Z [my-bank-api] error: POST /accounts/transaction - Insufficient Funds
2020-06-07T11:49:17.262Z [my-bank-api] info: LIST /accounts - {"accounts":[{"id":1,"name":"Mateus Rocha","balance":2400},{"id":2,"name":"Mateus Silveira","balance":21906},{"id":4,"name":"Rafael Rocha w0","balance":2500},{"id":5,"name":"Rafael Rocha w0","balance":2500},{"id":7,"name":"Rafael Sanzio","balance":2500}]}
2020-06-07T20:56:35.655Z [my-bank-api] info: LIST /accounts - {"accounts":[{"id":1,"name":"Mateus Rocha","balance":2400},{"id":2,"name":"Mateus Silveira","balance":21906},{"id":4,"name":"Rafael Rocha w0","balance":2500},{"id":5,"name":"Rafael Rocha w0","balance":2500},{"id":7,"name":"Rafael Sanzio","balance":2500}]}
2020-06-07T20:56:47.969Z [my-bank-api] error: POST /accounts/transfer - toID is not defined
2020-06-07T20:58:09.840Z [my-bank-api] error: POST /accounts/transfer - toID is not defined
2020-06-07T20:58:43.236Z [my-bank-api] error: POST /accounts/transfer - toID is not defined
2020-06-07T20:59:11.970Z [my-bank-api] error: POST /accounts/transfer - toID is not defined
2020-06-07T20:59:43.151Z [my-bank-api] info: POST /accounts/transfer - {"id":1,"name":"Mateus Rocha","balance":400}
2020-06-07T20:59:51.171Z [my-bank-api] info: LIST /accounts - {"accounts":[{"id":1,"name":"Mateus Rocha","balance":400},{"id":2,"name":"Mateus Silveira","balance":21906},{"id":4,"name":"Rafael Rocha w0","balance":4500},{"id":5,"name":"Rafael Rocha w0","balance":2500},{"id":7,"name":"Rafael Sanzio","balance":2500}]}
2020-06-07T21:00:10.480Z [my-bank-api] info: POST /accounts/transfer - {"id":1,"name":"Mateus Rocha","balance":-100}
2020-06-07T21:00:34.852Z [my-bank-api] error: POST /accounts/transfer - Operation is not valid, negative value to transfer
2020-06-07T21:00:34.854Z [my-bank-api] error: POST /accounts/transfer - Operation is not valid, negative value to transfer
2020-06-07T21:00:50.337Z [my-bank-api] info: POST /accounts/transaction - {"id":1,"name":"Mateus Rocha","balance":100}
2020-06-07T21:01:01.960Z [my-bank-api] info: POST /accounts/transfer - {"id":1,"name":"Mateus Rocha","balance":-100}
2020-06-07T21:01:18.210Z [my-bank-api] error: POST /accounts/transfer - Insufficient Funds
2020-06-07T21:01:18.212Z [my-bank-api] error: POST /accounts/transfer - Insufficient Funds
2020-06-07T21:01:24.209Z [my-bank-api] info: POST /accounts/transaction - {"id":1,"name":"Mateus Rocha","balance":100}
2020-06-07T21:01:26.916Z [my-bank-api] error: POST /accounts/transfer - Insufficient Funds
2020-06-07T21:01:26.919Z [my-bank-api] error: POST /accounts/transfer - Insufficient Funds
2020-06-07T21:01:39.501Z [my-bank-api] info: LIST /accounts - {"accounts":[{"id":1,"name":"Mateus Rocha","balance":100},{"id":2,"name":"Mateus Silveira","balance":21906},{"id":4,"name":"Rafael Rocha w0","balance":5200},{"id":5,"name":"Rafael Rocha w0","balance":2500},{"id":7,"name":"Rafael Sanzio","balance":2500}]}
2020-06-07T21:01:53.264Z [my-bank-api] error: POST /accounts/transfer - Insufficient Funds
2020-06-07T21:01:53.264Z [my-bank-api] error: POST /accounts/transfer - Insufficient Funds
2020-06-07T21:01:59.017Z [my-bank-api] info: POST /accounts/transfer - {"id":4,"name":"Rafael Rocha w0","balance":200}
2020-06-07T21:02:05.326Z [my-bank-api] info: GET /accounts:id - {"id":1,"name":"Mateus Rocha","balance":5100}
2020-06-07T21:26:43.648Z [my-bank-api] info: GET /accounts:id - {"id":1,"name":"Mateus Rocha","balance":5100}
2020-06-07T21:26:45.916Z [my-bank-api] info: LIST /accounts - {"accounts":[{"id":1,"name":"Mateus Rocha","balance":5100},{"id":2,"name":"Mateus Silveira","balance":21906},{"id":4,"name":"Rafael Rocha w0","balance":200},{"id":5,"name":"Rafael Rocha w0","balance":2500},{"id":7,"name":"Rafael Sanzio","balance":2500}]}
